This is pdfTeX, Version 3.14159265-2.6-1.40.20 (TeX Live 2019/W32TeX) (preloaded format=pdflatex 2019.5.5)  17 NOV 2019 19:53
entering extended mode
 restricted \write18 enabled.
 file:line:error style messages enabled.
 %&-line parsing enabled.
**"d:/On Editing/Sophomore/VP260,Honors Physics II/Project/main"
(d:/On Editing/Sophomore/VP260,Honors Physics II/Project/main.tex
LaTeX2e <2018-12-01>
(e:/texlive/2019/texmf-dist/tex/latex/base/report.cls
Document Class: report 2018/09/03 v1.4i Standard LaTeX document class
(e:/texlive/2019/texmf-dist/tex/latex/base/size12.clo
File: size12.clo 2018/09/03 v1.4i Standard LaTeX file (size option)
)
\c@part=\count80
\c@chapter=\count81
\c@section=\count82
\c@subsection=\count83
\c@subsubsection=\count84
\c@paragraph=\count85
\c@subparagraph=\count86
\c@figure=\count87
\c@table=\count88
\abovecaptionskip=\skip41
\belowcaptionskip=\skip42
\bibindent=\dimen102
) (e:/texlive/2019/texmf-dist/tex/latex/subfigure/subfigure.sty
Package: subfigure 2002/03/15 v2.1.5 subfigure package
\subfigtopskip=\skip43
\subfigcapskip=\skip44
\subfigcaptopadj=\dimen103
\subfigbottomskip=\skip45
\subfigcapmargin=\dimen104
\subfiglabelskip=\skip46
\c@subfigure=\count89
\c@lofdepth=\count90
\c@subtable=\count91
\c@lotdepth=\count92

****************************************
* Local config file subfigure.cfg used *
****************************************
(e:/texlive/2019/texmf-dist/tex/latex/subfigure/subfigure.cfg)
\subfig@top=\skip47
\subfig@bottom=\skip48
) (e:/texlive/2019/texmf-dist/tex/latex/amsmath/amsmath.sty
Package: amsmath 2018/12/01 v2.17b AMS math features
\@mathmargin=\skip49

For additional information on amsmath, use the `?' option.
(e:/texlive/2019/texmf-dist/tex/latex/amsmath/amstext.sty
Package: amstext 2000/06/29 v2.01 AMS text
 (e:/texlive/2019/texmf-dist/tex/latex/amsmath/amsgen.sty
File: amsgen.sty 1999/11/30 v2.0 generic functions
\@emptytoks=\toks14
\ex@=\dimen105
)) (e:/texlive/2019/texmf-dist/tex/latex/amsmath/amsbsy.sty
Package: amsbsy 1999/11/29 v1.2d Bold Symbols
\pmbraise@=\dimen106
) (e:/texlive/2019/texmf-dist/tex/latex/amsmath/amsopn.sty
Package: amsopn 2016/03/08 v2.02 operator names
)
\inf@bad=\count93
LaTeX Info: Redefining \frac on input line 223.
\uproot@=\count94
\leftroot@=\count95
LaTeX Info: Redefining \overline on input line 385.
\classnum@=\count96
\DOTSCASE@=\count97
LaTeX Info: Redefining \ldots on input line 482.
LaTeX Info: Redefining \dots on input line 485.
LaTeX Info: Redefining \cdots on input line 606.
\Mathstrutbox@=\box27
\strutbox@=\box28
\big@size=\dimen107
LaTeX Font Info:    Redeclaring font encoding OML on input line 729.
LaTeX Font Info:    Redeclaring font encoding OMS on input line 730.
\macc@depth=\count98
\c@MaxMatrixCols=\count99
\dotsspace@=\muskip10
\c@parentequation=\count100
\dspbrk@lvl=\count101
\tag@help=\toks15
\row@=\count102
\column@=\count103
\maxfields@=\count104
\andhelp@=\toks16
\eqnshift@=\dimen108
\alignsep@=\dimen109
\tagshift@=\dimen110
\tagwidth@=\dimen111
\totwidth@=\dimen112
\lineht@=\dimen113
\@envbody=\toks17
\multlinegap=\skip50
\multlinetaggap=\skip51
\mathdisplay@stack=\toks18
LaTeX Info: Redefining \[ on input line 2844.
LaTeX Info: Redefining \] on input line 2845.
) (e:/texlive/2019/texmf-dist/tex/latex/amsfonts/amssymb.sty
Package: amssymb 2013/01/14 v3.01 AMS font symbols
 (e:/texlive/2019/texmf-dist/tex/latex/amsfonts/amsfonts.sty
Package: amsfonts 2013/01/14 v3.01 Basic AMSFonts support
\symAMSa=\mathgroup4
\symAMSb=\mathgroup5
LaTeX Font Info:    Overwriting math alphabet `\mathfrak' in version `bold'
(Font)                  U/euf/m/n --> U/euf/b/n on input line 106.
)) (e:/texlive/2019/texmf-dist/tex/latex/tools/array.sty
Package: array 2018/12/30 v2.4k Tabular extension package (FMi)
\col@sep=\dimen114
\ar@mcellbox=\box29
\extrarowheight=\dimen115
\NC@list=\toks19
\extratabsurround=\skip52
\backup@length=\skip53
\ar@cellbox=\box30
) (e:/texlive/2019/texmf-dist/tex/latex/biblatex/biblatex.sty
Package: biblatex 2018/11/02 v3.12 programmable bibliographies (PK/MW)
 (e:/texlive/2019/texmf-dist/tex/generic/oberdiek/pdftexcmds.sty
Package: pdftexcmds 2018/09/10 v0.29 Utility functions of pdfTeX for LuaTeX (HO)
 (e:/texlive/2019/texmf-dist/tex/generic/oberdiek/infwarerr.sty
Package: infwarerr 2016/05/16 v1.4 Providing info/warning/error messages (HO)
) (e:/texlive/2019/texmf-dist/tex/generic/oberdiek/ifluatex.sty
Package: ifluatex 2016/05/16 v1.4 Provides the ifluatex switch (HO)
Package ifluatex Info: LuaTeX not detected.
) (e:/texlive/2019/texmf-dist/tex/generic/oberdiek/ltxcmds.sty
Package: ltxcmds 2016/05/16 v1.23 LaTeX kernel commands for general use (HO)
) (e:/texlive/2019/texmf-dist/tex/generic/oberdiek/ifpdf.sty
Package: ifpdf 2018/09/07 v3.3 Provides the ifpdf switch
)
Package pdftexcmds Info: LuaTeX not detected.
Package pdftexcmds Info: \pdf@primitive is available.
Package pdftexcmds Info: \pdf@ifprimitive is available.
Package pdftexcmds Info: \pdfdraftmode found.
) (e:/texlive/2019/texmf-dist/tex/latex/etoolbox/etoolbox.sty
Package: etoolbox 2018/08/19 v2.5f e-TeX tools for LaTeX (JAW)
\etb@tempcnta=\count105
) (e:/texlive/2019/texmf-dist/tex/latex/graphics/keyval.sty
Package: keyval 2014/10/28 v1.15 key=value parser (DPC)
\KV@toks@=\toks20
) (e:/texlive/2019/texmf-dist/tex/latex/oberdiek/kvoptions.sty
Package: kvoptions 2016/05/16 v3.12 Key value format for package options (HO)
 (e:/texlive/2019/texmf-dist/tex/generic/oberdiek/kvsetkeys.sty
Package: kvsetkeys 2016/05/16 v1.17 Key value parser (HO)
 (e:/texlive/2019/texmf-dist/tex/generic/oberdiek/etexcmds.sty
Package: etexcmds 2016/05/16 v1.6 Avoid name clashes with e-TeX commands (HO)
))) (e:/texlive/2019/texmf-dist/tex/latex/logreq/logreq.sty
Package: logreq 2010/08/04 v1.0 xml request logger
\lrq@indent=\count106
 (e:/texlive/2019/texmf-dist/tex/latex/logreq/logreq.def
File: logreq.def 2010/08/04 v1.0 logreq spec v1.0
)) (e:/texlive/2019/texmf-dist/tex/latex/base/ifthen.sty
Package: ifthen 2014/09/29 v1.1c Standard LaTeX ifthen package (DPC)
) (e:/texlive/2019/texmf-dist/tex/latex/url/url.sty
\Urlmuskip=\muskip11
Package: url 2013/09/16  ver 3.4  Verb mode for urls, etc.
)
\c@tabx@nest=\count107
\c@listtotal=\count108
\c@listcount=\count109
\c@liststart=\count110
\c@liststop=\count111
\c@citecount=\count112
\c@citetotal=\count113
\c@multicitecount=\count114
\c@multicitetotal=\count115
\c@instcount=\count116
\c@maxnames=\count117
\c@minnames=\count118
\c@maxitems=\count119
\c@minitems=\count120
\c@citecounter=\count121
\c@maxcitecounter=\count122
\c@savedcitecounter=\count123
\c@uniquelist=\count124
\c@uniquename=\count125
\c@refsection=\count126
\c@refsegment=\count127
\c@maxextratitle=\count128
\c@maxextratitleyear=\count129
\c@maxextraname=\count130
\c@maxextradate=\count131
\c@maxextraalpha=\count132
\c@abbrvpenalty=\count133
\c@highnamepenalty=\count134
\c@lownamepenalty=\count135
\c@maxparens=\count136
\c@parenlevel=\count137
\blx@tempcnta=\count138
\blx@tempcntb=\count139
\blx@tempcntc=\count140
\blx@maxsection=\count141
\blx@maxsegment@0=\count142
\blx@notetype=\count143
\blx@parenlevel@text=\count144
\blx@parenlevel@foot=\count145
\blx@sectionciteorder@0=\count146
\blx@entrysetcounter=\count147
\labelnumberwidth=\skip54
\labelalphawidth=\skip55
\biblabelsep=\skip56
\bibitemsep=\skip57
\bibnamesep=\skip58
\bibinitsep=\skip59
\bibparsep=\skip60
\bibhang=\skip61
\blx@bcfin=\read1
\blx@bcfout=\write3
\c@mincomprange=\count148
\c@maxcomprange=\count149
\c@mincompwidth=\count150
Package biblatex Info: Trying to load biblatex default data model...
Package biblatex Info: ... file 'blx-dm.def' found.
 (e:/texlive/2019/texmf-dist/tex/latex/biblatex/blx-dm.def
File: blx-dm.def 2018/11/02 v3.12 biblatex localization (PK/MW)
)
Package biblatex Info: Trying to load biblatex custom data model...
Package biblatex Info: ... file 'biblatex-dm.cfg' not found.
\c@afterword=\count151
\c@savedafterword=\count152
\c@annotator=\count153
\c@savedannotator=\count154
\c@author=\count155
\c@savedauthor=\count156
\c@bookauthor=\count157
\c@savedbookauthor=\count158
\c@commentator=\count159
\c@savedcommentator=\count160
\c@editor=\count161
\c@savededitor=\count162
\c@editora=\count163
\c@savededitora=\count164
\c@editorb=\count165
\c@savededitorb=\count166
\c@editorc=\count167
\c@savededitorc=\count168
\c@foreword=\count169
\c@savedforeword=\count170
\c@holder=\count171
\c@savedholder=\count172
\c@introduction=\count173
\c@savedintroduction=\count174
\c@namea=\count175
\c@savednamea=\count176
\c@nameb=\count177
\c@savednameb=\count178
\c@namec=\count179
\c@savednamec=\count180
\c@translator=\count181
\c@savedtranslator=\count182
\c@shortauthor=\count183
\c@savedshortauthor=\count184
\c@shorteditor=\count185
\c@savedshorteditor=\count186
\c@labelname=\count187
\c@savedlabelname=\count188
\c@institution=\count189
\c@savedinstitution=\count190
\c@lista=\count191
\c@savedlista=\count192
\c@listb=\count193
\c@savedlistb=\count194
\c@listc=\count195
\c@savedlistc=\count196
\c@listd=\count197
\c@savedlistd=\count198
\c@liste=\count199
\c@savedliste=\count266
\c@listf=\count267
\c@savedlistf=\count268
\c@location=\count269
\c@savedlocation=\count270
\c@organization=\count271
\c@savedorganization=\count272
\c@origlocation=\count273
\c@savedoriglocation=\count274
\c@origpublisher=\count275
\c@savedorigpublisher=\count276
\c@publisher=\count277
\c@savedpublisher=\count278
\c@language=\count279
\c@savedlanguage=\count280
\c@origlanguage=\count281
\c@savedoriglanguage=\count282
\c@pageref=\count283
\c@savedpageref=\count284
\shorthandwidth=\skip62
\shortjournalwidth=\skip63
\shortserieswidth=\skip64
\shorttitlewidth=\skip65
\shortauthorwidth=\skip66
\shorteditorwidth=\skip67
\locallabelnumberwidth=\skip68
\locallabelalphawidth=\skip69
\localshorthandwidth=\skip70
\localshortjournalwidth=\skip71
\localshortserieswidth=\skip72
\localshorttitlewidth=\skip73
\localshortauthorwidth=\skip74
\localshorteditorwidth=\skip75
Package biblatex Info: Trying to load compatibility code...
Package biblatex Info: ... file 'blx-compat.def' found.
 (e:/texlive/2019/texmf-dist/tex/latex/biblatex/blx-compat.def
File: blx-compat.def 2018/11/02 v3.12 biblatex compatibility (PK/MW)
)
Package biblatex Info: Trying to load generic definitions...
Package biblatex Info: ... file 'biblatex.def' found.
 (e:/texlive/2019/texmf-dist/tex/latex/biblatex/biblatex.def
File: biblatex.def 2018/11/02 v3.12 biblatex compatibility (PK/MW)
\c@textcitecount=\count285
\c@textcitetotal=\count286
\c@textcitemaxnames=\count287
\c@biburlnumpenalty=\count288
\c@biburlucpenalty=\count289
\c@biburllcpenalty=\count290
\c@smartand=\count291
)
Package biblatex Info: Trying to load bibliography style 'numeric'...
Package biblatex Info: ... file 'numeric.bbx' found.
 (e:/texlive/2019/texmf-dist/tex/latex/biblatex/bbx/numeric.bbx
File: numeric.bbx 2018/11/02 v3.12 biblatex bibliography style (PK/MW)
Package biblatex Info: Trying to load bibliography style 'standard'...
Package biblatex Info: ... file 'standard.bbx' found.
 (e:/texlive/2019/texmf-dist/tex/latex/biblatex/bbx/standard.bbx
File: standard.bbx 2018/11/02 v3.12 biblatex bibliography style (PK/MW)
\c@bbx:relatedcount=\count292
\c@bbx:relatedtotal=\count293
))
Package biblatex Info: Trying to load citation style 'numeric'...
Package biblatex Info: ... file 'numeric.cbx' found.
 (e:/texlive/2019/texmf-dist/tex/latex/biblatex/cbx/numeric.cbx
File: numeric.cbx 2018/11/02 v3.12 biblatex citation style (PK/MW)
Package biblatex Info: Redefining '\cite'.
Package biblatex Info: Redefining '\parencite'.
Package biblatex Info: Redefining '\footcite'.
Package biblatex Info: Redefining '\footcitetext'.
Package biblatex Info: Redefining '\smartcite'.
Package biblatex Info: Redefining '\supercite'.
Package biblatex Info: Redefining '\textcite'.
Package biblatex Info: Redefining '\textcites'.
Package biblatex Info: Redefining '\cites'.
Package biblatex Info: Redefining '\parencites'.
Package biblatex Info: Redefining '\smartcites'.
)
Package biblatex Info: Trying to load configuration file...
Package biblatex Info: ... file 'biblatex.cfg' found.
 (e:/texlive/2019/texmf-dist/tex/latex/biblatex/biblatex.cfg
File: biblatex.cfg 
)) (e:/texlive/2019/texmf-dist/tex/latex/tools/bm.sty
Package: bm 2017/01/16 v1.2c Bold Symbol Support (DPC/FMi)
\symboldoperators=\mathgroup6
\symboldletters=\mathgroup7
\symboldsymbols=\mathgroup8
LaTeX Font Info:    Redeclaring math alphabet \mathbf on input line 141.
LaTeX Info: Redefining \bm on input line 207.
) (e:/texlive/2019/texmf-dist/tex/latex/caption/caption.sty
Package: caption 2018/10/06 v3.3-154 Customizing captions (AR)
 (e:/texlive/2019/texmf-dist/tex/latex/caption/caption3.sty
Package: caption3 2018/09/12 v1.8c caption3 kernel (AR)
Package caption3 Info: TeX engine: e-TeX on input line 64.
\captionmargin=\dimen116
\captionmargin@=\dimen117
\captionwidth=\dimen118
\caption@tempdima=\dimen119
\caption@indent=\dimen120
\caption@parindent=\dimen121
\caption@hangindent=\dimen122
)
\c@caption@flags=\count294
\c@ContinuedFloat=\count295
Package caption Info: subfigure package is loaded.
) (e:/texlive/2019/texmf-dist/tex/latex/fancyhdr/fancyhdr.sty
Package: fancyhdr 2019/01/31 v3.10 Extensive control of page headers and footers
\f@nch@headwidth=\skip76
\f@nch@O@elh=\skip77
\f@nch@O@erh=\skip78
\f@nch@O@olh=\skip79
\f@nch@O@orh=\skip80
\f@nch@O@elf=\skip81
\f@nch@O@erf=\skip82
\f@nch@O@olf=\skip83
\f@nch@O@orf=\skip84
) (e:/texlive/2019/texmf-dist/tex/latex/float/float.sty
Package: float 2001/11/08 v1.3d Float enhancements (AL)
\c@float@type=\count296
\float@exts=\toks21
\float@box=\box31
\@float@everytoks=\toks22
\@floatcapt=\box32
) (e:/texlive/2019/texmf-dist/tex/latex/graphics/graphicx.sty
Package: graphicx 2017/06/01 v1.1a Enhanced LaTeX Graphics (DPC,SPQR)
 (e:/texlive/2019/texmf-dist/tex/latex/graphics/graphics.sty
Package: graphics 2017/06/25 v1.2c Standard LaTeX Graphics (DPC,SPQR)
 (e:/texlive/2019/texmf-dist/tex/latex/graphics/trig.sty
Package: trig 2016/01/03 v1.10 sin cos tan (DPC)
) (e:/texlive/2019/texmf-dist/tex/latex/graphics-cfg/graphics.cfg
File: graphics.cfg 2016/06/04 v1.11 sample graphics configuration
)
Package graphics Info: Driver file: pdftex.def on input line 99.
 (e:/texlive/2019/texmf-dist/tex/latex/graphics-def/pdftex.def
File: pdftex.def 2018/01/08 v1.0l Graphics/color driver for pdftex
))
\Gin@req@height=\dimen123
\Gin@req@width=\dimen124
) (e:/texlive/2019/texmf-dist/tex/latex/tools/indentfirst.sty
Package: indentfirst 1995/11/23 v1.03 Indent first paragraph (DPC)
) (e:/texlive/2019/texmf-dist/tex/latex/parskip/parskip.sty
Package: parskip 2019-01-16 v2.0c non-zero parskip adjustments
) (e:/texlive/2019/texmf-dist/tex/latex/vmargin/vmargin.sty
Package: vmargin 2004/07/15 V2.5 set document margins (VK)

Package: vmargin 2004/07/15 V2.5 set document margins (VK)
\PaperWidth=\dimen125
\PaperHeight=\dimen126
)
Package biblatex Info: Trying to load language 'english'...
Package biblatex Info: ... file 'english.lbx' found.
 (e:/texlive/2019/texmf-dist/tex/latex/biblatex/lbx/english.lbx
File: english.lbx 2018/11/02 v3.12 biblatex localization (PK/MW)
)
\@quotelevel=\count297
\@quotereset=\count298
 (./main.aux

LaTeX Warning: Label `fig:my_label' multiply defined.


LaTeX Warning: Label `fig:my_label' multiply defined.

)
\openout1 = `main.aux'.

LaTeX Font Info:    Checking defaults for OML/cmm/m/it on input line 12.
LaTeX Font Info:    ... okay on input line 12.
LaTeX Font Info:    Checking defaults for T1/cmr/m/n on input line 12.
LaTeX Font Info:    ... okay on input line 12.
LaTeX Font Info:    Checking defaults for OT1/cmr/m/n on input line 12.
LaTeX Font Info:    ... okay on input line 12.
LaTeX Font Info:    Checking defaults for OMS/cmsy/m/n on input line 12.
LaTeX Font Info:    ... okay on input line 12.
LaTeX Font Info:    Checking defaults for OMX/cmex/m/n on input line 12.
LaTeX Font Info:    ... okay on input line 12.
LaTeX Font Info:    Checking defaults for U/cmr/m/n on input line 12.
LaTeX Font Info:    ... okay on input line 12.
Package biblatex Info: Input encoding 'utf8' detected.
Package biblatex Info: Automatic encoding selection.
(biblatex)             Assuming data encoding 'utf8'.
\openout3 = `main.bcf'.

Package biblatex Info: Trying to load bibliographic data...
Package biblatex Info: ... file 'main.bbl' not found.

No file main.bbl.
Package biblatex Info: Reference section=0 on input line 12.
Package biblatex Info: Reference segment=0 on input line 12.
Package caption Info: Begin \AtBeginDocument code.
Package caption Info: float package is loaded.
Package caption Info: End \AtBeginDocument code.
(e:/texlive/2019/texmf-dist/tex/context/base/mkii/supp-pdf.mkii
[Loading MPS to PDF converter (version 2006.09.02).]
\scratchcounter=\count299
\scratchdimen=\dimen127
\scratchbox=\box33
\nofMPsegments=\count300
\nofMParguments=\count301
\everyMPshowfont=\toks23
\MPscratchCnt=\count302
\MPscratchDim=\dimen128
\MPnumerator=\count303
\makeMPintoPDFobject=\count304
\everyMPtoPDFconversion=\toks24
) (e:/texlive/2019/texmf-dist/tex/latex/oberdiek/epstopdf-base.sty
Package: epstopdf-base 2016/05/15 v2.6 Base part for package epstopdf
 (e:/texlive/2019/texmf-dist/tex/latex/oberdiek/grfext.sty
Package: grfext 2016/05/16 v1.2 Manage graphics extensions (HO)
 (e:/texlive/2019/texmf-dist/tex/generic/oberdiek/kvdefinekeys.sty
Package: kvdefinekeys 2016/05/16 v1.4 Define keys (HO)
))
Package epstopdf-base Info: Redefining graphics rule for `.eps' on input line 438.
Package grfext Info: Graphics extension search list:
(grfext)             [.pdf,.png,.jpg,.mps,.jpeg,.jbig2,.jb2,.PDF,.PNG,.JPG,.JPEG,.JBIG2,.JB2,.eps]
(grfext)             \AppendGraphicsExtensions on input line 456.
 (e:/texlive/2019/texmf-dist/tex/latex/latexconfig/epstopdf-sys.cfg
File: epstopdf-sys.cfg 2010/07/13 v1.3 Configuration of (r)epstopdf for TeX Live
))
LaTeX Font Info:    Try loading font information for U+msa on input line 38.
 (e:/texlive/2019/texmf-dist/tex/latex/amsfonts/umsa.fd
File: umsa.fd 2013/01/14 v3.01 AMS symbols A
)
LaTeX Font Info:    Try loading font information for U+msb on input line 38.
 (e:/texlive/2019/texmf-dist/tex/latex/amsfonts/umsb.fd
File: umsb.fd 2013/01/14 v3.01 AMS symbols B
)
Underfull \hbox (badness 10000) in paragraph at lines 48--49

 []

[1

{e:/texlive/2019/texmf-var/fonts/map/pdftex/updmap/pdftex.map}]
<1.png, id=9, 645.612pt x 366.77025pt>
File: 1.png Graphic file (type png)
<use 1.png>
Package pdftex.def Info: 1.png  used on input line 67.
(pdftex.def)             Requested size: 341.94652pt x 194.25858pt.
 [2

 <./1.png>]
<3.png, id=19, 221.628pt x 207.77625pt>
File: 3.png Graphic file (type png)
<use 3.png>
Package pdftex.def Info: 3.png  used on input line 96.
(pdftex.def)             Requested size: 149.60364pt x 140.25241pt.
<4.png, id=20, 392.667pt x 302.3295pt>
File: 4.png Graphic file (type png)
<use 4.png>
Package pdftex.def Info: 4.png  used on input line 103.
(pdftex.def)             Requested size: 213.71576pt x 164.55179pt.
 [3 <./3.png>] [4 <./4.png>]
File: 3.png Graphic file (type png)
<use 3.png>
Package pdftex.def Info: 3.png  used on input line 132.
(pdftex.def)             Requested size: 128.23076pt x 120.21544pt.
Package epstopdf Info: Source file: <A00001Density.eps>
(epstopdf)                    date: 2019-11-16 19:05:47
(epstopdf)                    size: 46809 bytes
(epstopdf)             Output file: <A00001Density-eps-converted-to.pdf>
(epstopdf)             Command: <repstopdf --outfile=A00001Density-eps-converted-to.pdf A00001Density.eps>
(epstopdf)             \includegraphics on input line 139.
runsystem(repstopdf --outfile=A00001Density-eps-converted-to.pdf A00001Density.eps)...executed safely (allowed).

Package epstopdf Info: Result file: <A00001Density-eps-converted-to.pdf>
(epstopdf)                    date: 2019-11-17 19:53:52
(epstopdf)                    size: 34659 bytes.
<A00001Density-eps-converted-to.pdf, id=32, 421.575pt x 316.18124pt>
File: A00001Density-eps-converted-to.pdf Graphic file (type pdf)
<use A00001Density-eps-converted-to.pdf>
Package pdftex.def Info: A00001Density-eps-converted-to.pdf  used on input line 139.
(pdftex.def)             Requested size: 341.94652pt x 256.46242pt.
Package epstopdf Info: Source file: <A00001Contour.eps>
(epstopdf)                    date: 2019-11-16 19:05:34
(epstopdf)                    size: 62452 bytes
(epstopdf)             Output file: <A00001Contour-eps-converted-to.pdf>
(epstopdf)             Command: <repstopdf --outfile=A00001Contour-eps-converted-to.pdf A00001Contour.eps>
(epstopdf)             \includegraphics on input line 145.
runsystem(repstopdf --outfile=A00001Contour-eps-converted-to.pdf A00001Contour.eps)...executed safely (allowed).

Package epstopdf Info: Result file: <A00001Contour-eps-converted-to.pdf>
(epstopdf)                    date: 2019-11-17 19:53:54
(epstopdf)                    size: 13646 bytes.
<A00001Contour-eps-converted-to.pdf, id=33, 421.575pt x 316.18124pt>
File: A00001Contour-eps-converted-to.pdf Graphic file (type pdf)
<use A00001Contour-eps-converted-to.pdf>
Package pdftex.def Info: A00001Contour-eps-converted-to.pdf  used on input line 145.
(pdftex.def)             Requested size: 341.94652pt x 256.46242pt.
Package epstopdf Info: Source file: <A00001Vector.eps>
(epstopdf)                    date: 2019-11-16 19:04:54
(epstopdf)                    size: 585263 bytes
(epstopdf)             Output file: <A00001Vector-eps-converted-to.pdf>
(epstopdf)             Command: <repstopdf --outfile=A00001Vector-eps-converted-to.pdf A00001Vector.eps>
(epstopdf)             \includegraphics on input line 150.
runsystem(repstopdf --outfile=A00001Vector-eps-converted-to.pdf A00001Vector.eps)...executed safely (allowed).

Package epstopdf Info: Result file: <A00001Vector-eps-converted-to.pdf>
(epstopdf)                    date: 2019-11-17 19:53:57
(epstopdf)                    size: 67315 bytes.
<A00001Vector-eps-converted-to.pdf, id=34, 421.575pt x 316.18124pt>
File: A00001Vector-eps-converted-to.pdf Graphic file (type pdf)
<use A00001Vector-eps-converted-to.pdf>
Package pdftex.def Info: A00001Vector-eps-converted-to.pdf  used on input line 150.
(pdftex.def)             Requested size: 341.94652pt x 256.46242pt.
 [5

 <./A00001Density-eps-converted-to.pdf>]
Package epstopdf Info: Source file: <A001Density.eps>
(epstopdf)                    date: 2019-11-16 19:39:37
(epstopdf)                    size: 47495 bytes
(epstopdf)             Output file: <A001Density-eps-converted-to.pdf>
(epstopdf)             Command: <repstopdf --outfile=A001Density-eps-converted-to.pdf A001Density.eps>
(epstopdf)             \includegraphics on input line 156.
runsystem(repstopdf --outfile=A001Density-eps-converted-to.pdf A001Density.eps)...executed safely (allowed).

Package epstopdf Info: Result file: <A001Density-eps-converted-to.pdf>
(epstopdf)                    date: 2019-11-17 19:54:00
(epstopdf)                    size: 34444 bytes.
<A001Density-eps-converted-to.pdf, id=45, 421.575pt x 316.18124pt>
File: A001Density-eps-converted-to.pdf Graphic file (type pdf)
<use A001Density-eps-converted-to.pdf>
Package pdftex.def Info: A001Density-eps-converted-to.pdf  used on input line 156.
(pdftex.def)             Requested size: 341.94652pt x 256.46242pt.
Package epstopdf Info: Source file: <A0001Density.eps>
(epstopdf)                    date: 2019-11-16 19:39:55
(epstopdf)                    size: 47413 bytes
(epstopdf)             Output file: <A0001Density-eps-converted-to.pdf>
(epstopdf)             Command: <repstopdf --outfile=A0001Density-eps-converted-to.pdf A0001Density.eps>
(epstopdf)             \includegraphics on input line 161.
runsystem(repstopdf --outfile=A0001Density-eps-converted-to.pdf A0001Density.eps)...executed safely (allowed).

Package epstopdf Info: Result file: <A0001Density-eps-converted-to.pdf>
(epstopdf)                    date: 2019-11-17 19:54:02
(epstopdf)                    size: 35339 bytes.
<A0001Density-eps-converted-to.pdf, id=46, 421.575pt x 316.18124pt>
File: A0001Density-eps-converted-to.pdf Graphic file (type pdf)
<use A0001Density-eps-converted-to.pdf>
Package pdftex.def Info: A0001Density-eps-converted-to.pdf  used on input line 161.
(pdftex.def)             Requested size: 341.94652pt x 256.46242pt.
 [6 <./A00001Contour-eps-converted-to.pdf> <./A00001Vector-eps-converted-to.pdf>]
Package epstopdf Info: Source file: <A000001Density.eps>
(epstopdf)                    date: 2019-11-16 19:44:39
(epstopdf)                    size: 46904 bytes
(epstopdf)             Output file: <A000001Density-eps-converted-to.pdf>
(epstopdf)             Command: <repstopdf --outfile=A000001Density-eps-converted-to.pdf A000001Density.eps>
(epstopdf)             \includegraphics on input line 166.
runsystem(repstopdf --outfile=A000001Density-eps-converted-to.pdf A000001Density.eps)...executed safely (allowed).

Package epstopdf Info: Result file: <A000001Density-eps-converted-to.pdf>
(epstopdf)                    date: 2019-11-17 19:54:04
(epstopdf)                    size: 34984 bytes.
<A000001Density-eps-converted-to.pdf, id=61, 421.575pt x 316.18124pt>
File: A000001Density-eps-converted-to.pdf Graphic file (type pdf)
<use A000001Density-eps-converted-to.pdf>
Package pdftex.def Info: A000001Density-eps-converted-to.pdf  used on input line 166.
(pdftex.def)             Requested size: 341.94652pt x 256.46242pt.
 [7 <./A001Density-eps-converted-to.pdf> <./A0001Density-eps-converted-to.pdf>]
Package epstopdf Info: Source file: <AStageDensity.eps>
(epstopdf)                    date: 2019-11-16 19:19:55
(epstopdf)                    size: 71416 bytes
(epstopdf)             Output file: <AStageDensity-eps-converted-to.pdf>
(epstopdf)             Command: <repstopdf --outfile=AStageDensity-eps-converted-to.pdf AStageDensity.eps>
(epstopdf)             \includegraphics on input line 192.
runsystem(repstopdf --outfile=AStageDensity-eps-converted-to.pdf AStageDensity.eps)...executed safely (allowed).

Package epstopdf Info: Result file: <AStageDensity-eps-converted-to.pdf>
(epstopdf)                    date: 2019-11-17 19:54:06
(epstopdf)                    size: 35302 bytes.
<AStageDensity-eps-converted-to.pdf, id=80, 421.575pt x 316.18124pt>
File: AStageDensity-eps-converted-to.pdf Graphic file (type pdf)
<use AStageDensity-eps-converted-to.pdf>
Package pdftex.def Info: AStageDensity-eps-converted-to.pdf  used on input line 192.
(pdftex.def)             Requested size: 341.94652pt x 256.46242pt.
Package epstopdf Info: Source file: <AStageContour.eps>
(epstopdf)                    date: 2019-11-16 19:19:45
(epstopdf)                    size: 230316 bytes
(epstopdf)             Output file: <AStageContour-eps-converted-to.pdf>
(epstopdf)             Command: <repstopdf --outfile=AStageContour-eps-converted-to.pdf AStageContour.eps>
(epstopdf)             \includegraphics on input line 197.
runsystem(repstopdf --outfile=AStageContour-eps-converted-to.pdf AStageContour.eps)...executed safely (allowed).

Package epstopdf Info: Result file: <AStageContour-eps-converted-to.pdf>
(epstopdf)                    date: 2019-11-17 19:54:09
(epstopdf)                    size: 27476 bytes.
<AStageContour-eps-converted-to.pdf, id=81, 421.575pt x 316.18124pt>
File: AStageContour-eps-converted-to.pdf Graphic file (type pdf)
<use AStageContour-eps-converted-to.pdf>
Package pdftex.def Info: AStageContour-eps-converted-to.pdf  used on input line 197.
(pdftex.def)             Requested size: 341.94652pt x 256.46242pt.
 [8 <./A000001Density-eps-converted-to.pdf>] [9 <./AStageDensity-eps-converted-to.pdf> <./AStageContour-eps-converted-to.pdf>]
Package epstopdf Info: Source file: <B00001Density.eps>
(epstopdf)                    date: 2019-11-16 19:23:36
(epstopdf)                    size: 47138 bytes
(epstopdf)             Output file: <B00001Density-eps-converted-to.pdf>
(epstopdf)             Command: <repstopdf --outfile=B00001Density-eps-converted-to.pdf B00001Density.eps>
(epstopdf)             \includegraphics on input line 207.
runsystem(repstopdf --outfile=B00001Density-eps-converted-to.pdf B00001Density.eps)...executed safely (allowed).

Package epstopdf Info: Result file: <B00001Density-eps-converted-to.pdf>
(epstopdf)                    date: 2019-11-17 19:54:11
(epstopdf)                    size: 34787 bytes.
<B00001Density-eps-converted-to.pdf, id=111, 421.575pt x 316.18124pt>
File: B00001Density-eps-converted-to.pdf Graphic file (type pdf)
<use B00001Density-eps-converted-to.pdf>
Package pdftex.def Info: B00001Density-eps-converted-to.pdf  used on input line 207.
(pdftex.def)             Requested size: 341.94652pt x 256.46242pt.
Package epstopdf Info: Source file: <B00001Contour.eps>
(epstopdf)                    date: 2019-11-16 19:23:25
(epstopdf)                    size: 73446 bytes
(epstopdf)             Output file: <B00001Contour-eps-converted-to.pdf>
(epstopdf)             Command: <repstopdf --outfile=B00001Contour-eps-converted-to.pdf B00001Contour.eps>
(epstopdf)             \includegraphics on input line 213.
runsystem(repstopdf --outfile=B00001Contour-eps-converted-to.pdf B00001Contour.eps)...executed safely (allowed).

Package epstopdf Info: Result file: <B00001Contour-eps-converted-to.pdf>
(epstopdf)                    date: 2019-11-17 19:54:13
(epstopdf)                    size: 14402 bytes.
<B00001Contour-eps-converted-to.pdf, id=112, 421.575pt x 316.18124pt>
File: B00001Contour-eps-converted-to.pdf Graphic file (type pdf)
<use B00001Contour-eps-converted-to.pdf>
Package pdftex.def Info: B00001Contour-eps-converted-to.pdf  used on input line 213.
(pdftex.def)             Requested size: 341.94652pt x 256.46242pt.
Package epstopdf Info: Source file: <B00001Vector.eps>
(epstopdf)                    date: 2019-11-16 19:22:58
(epstopdf)                    size: 585719 bytes
(epstopdf)             Output file: <B00001Vector-eps-converted-to.pdf>
(epstopdf)             Command: <repstopdf --outfile=B00001Vector-eps-converted-to.pdf B00001Vector.eps>
(epstopdf)             \includegraphics on input line 218.
runsystem(repstopdf --outfile=B00001Vector-eps-converted-to.pdf B00001Vector.eps)...executed safely (allowed).

Package epstopdf Info: Result file: <B00001Vector-eps-converted-to.pdf>
(epstopdf)                    date: 2019-11-17 19:54:15
(epstopdf)                    size: 67670 bytes.
<B00001Vector-eps-converted-to.pdf, id=113, 421.575pt x 316.18124pt>
File: B00001Vector-eps-converted-to.pdf Graphic file (type pdf)
<use B00001Vector-eps-converted-to.pdf>
Package pdftex.def Info: B00001Vector-eps-converted-to.pdf  used on input line 218.
(pdftex.def)             Requested size: 341.94652pt x 256.46242pt.
 [10 <./B00001Density-eps-converted-to.pdf>]
Package epstopdf Info: Source file: <B001Density.eps>
(epstopdf)                    date: 2019-11-16 19:43:57
(epstopdf)                    size: 44525 bytes
(epstopdf)             Output file: <B001Density-eps-converted-to.pdf>
(epstopdf)             Command: <repstopdf --outfile=B001Density-eps-converted-to.pdf B001Density.eps>
(epstopdf)             \includegraphics on input line 226.
runsystem(repstopdf --outfile=B001Density-eps-converted-to.pdf B001Density.eps)...executed safely (allowed).

Package epstopdf Info: Result file: <B001Density-eps-converted-to.pdf>
(epstopdf)                    date: 2019-11-17 19:54:17
(epstopdf)                    size: 29884 bytes.
<B001Density-eps-converted-to.pdf, id=124, 421.575pt x 316.18124pt>
File: B001Density-eps-converted-to.pdf Graphic file (type pdf)
<use B001Density-eps-converted-to.pdf>
Package pdftex.def Info: B001Density-eps-converted-to.pdf  used on input line 226.
(pdftex.def)             Requested size: 341.94652pt x 256.46242pt.
 [11 <./B00001Contour-eps-converted-to.pdf> <./B00001Vector-eps-converted-to.pdf>]
Package epstopdf Info: Source file: <B0001Density.eps>
(epstopdf)                    date: 2019-11-16 19:44:16
(epstopdf)                    size: 48238 bytes
(epstopdf)             Output file: <B0001Density-eps-converted-to.pdf>
(epstopdf)             Command: <repstopdf --outfile=B0001Density-eps-converted-to.pdf B0001Density.eps>
(epstopdf)             \includegraphics on input line 231.
runsystem(repstopdf --outfile=B0001Density-eps-converted-to.pdf B0001Density.eps)...executed safely (allowed).

Package epstopdf Info: Result file: <B0001Density-eps-converted-to.pdf>
(epstopdf)                    date: 2019-11-17 19:54:20
(epstopdf)                    size: 35951 bytes.
<B0001Density-eps-converted-to.pdf, id=139, 421.575pt x 316.18124pt>
File: B0001Density-eps-converted-to.pdf Graphic file (type pdf)
<use B0001Density-eps-converted-to.pdf>
Package pdftex.def Info: B0001Density-eps-converted-to.pdf  used on input line 231.
(pdftex.def)             Requested size: 341.94652pt x 256.46242pt.
Package epstopdf Info: Source file: <B000001Density.eps>
(epstopdf)                    date: 2019-11-16 19:45:07
(epstopdf)                    size: 46691 bytes
(epstopdf)             Output file: <B000001Density-eps-converted-to.pdf>
(epstopdf)             Command: <repstopdf --outfile=B000001Density-eps-converted-to.pdf B000001Density.eps>
(epstopdf)             \includegraphics on input line 236.
runsystem(repstopdf --outfile=B000001Density-eps-converted-to.pdf B000001Density.eps)...executed safely (allowed).

Package epstopdf Info: Result file: <B000001Density-eps-converted-to.pdf>
(epstopdf)                    date: 2019-11-17 19:54:22
(epstopdf)                    size: 34847 bytes.
<B000001Density-eps-converted-to.pdf, id=140, 421.575pt x 316.18124pt>
File: B000001Density-eps-converted-to.pdf Graphic file (type pdf)
<use B000001Density-eps-converted-to.pdf>
Package pdftex.def Info: B000001Density-eps-converted-to.pdf  used on input line 236.
(pdftex.def)             Requested size: 341.94652pt x 256.46242pt.
 [12 <./B001Density-eps-converted-to.pdf> <./B0001Density-eps-converted-to.pdf>]
Package epstopdf Info: Source file: <BStageDensity.eps>
(epstopdf)                    date: 2019-11-16 19:25:07
(epstopdf)                    size: 71639 bytes
(epstopdf)             Output file: <BStageDensity-eps-converted-to.pdf>
(epstopdf)             Command: <repstopdf --outfile=BStageDensity-eps-converted-to.pdf BStageDensity.eps>
(epstopdf)             \includegraphics on input line 262.
runsystem(repstopdf --outfile=BStageDensity-eps-converted-to.pdf BStageDensity.eps)...executed safely (allowed).

Package epstopdf Info: Result file: <BStageDensity-eps-converted-to.pdf>
(epstopdf)                    date: 2019-11-17 19:54:24
(epstopdf)                    size: 35970 bytes.
<BStageDensity-eps-converted-to.pdf, id=158, 421.575pt x 316.18124pt>
File: BStageDensity-eps-converted-to.pdf Graphic file (type pdf)
<use BStageDensity-eps-converted-to.pdf>
Package pdftex.def Info: BStageDensity-eps-converted-to.pdf  used on input line 262.
(pdftex.def)             Requested size: 341.94652pt x 256.46242pt.
Package epstopdf Info: Source file: <BStageContour.eps>
(epstopdf)                    date: 2019-11-16 19:25:00
(epstopdf)                    size: 261477 bytes
(epstopdf)             Output file: <BStageContour-eps-converted-to.pdf>
(epstopdf)             Command: <repstopdf --outfile=BStageContour-eps-converted-to.pdf BStageContour.eps>
(epstopdf)             \includegraphics on input line 267.
runsystem(repstopdf --outfile=BStageContour-eps-converted-to.pdf BStageContour.eps)...executed safely (allowed).

Package epstopdf Info: Result file: <BStageContour-eps-converted-to.pdf>
(epstopdf)                    date: 2019-11-17 19:54:26
(epstopdf)                    size: 29527 bytes.
<BStageContour-eps-converted-to.pdf, id=159, 421.575pt x 316.18124pt>
File: BStageContour-eps-converted-to.pdf Graphic file (type pdf)
<use BStageContour-eps-converted-to.pdf>
Package pdftex.def Info: BStageContour-eps-converted-to.pdf  used on input line 267.
(pdftex.def)             Requested size: 341.94652pt x 256.46242pt.
 [13 <./B000001Density-eps-converted-to.pdf>]
<5.png, id=171, 440.24475pt x 279.444pt>
File: 5.png Graphic file (type png)
<use 5.png>
Package pdftex.def Info: 5.png  used on input line 275.
(pdftex.def)             Requested size: 341.94652pt x 217.06148pt.
 [14 <./BStageDensity-eps-converted-to.pdf> <./BStageContour-eps-converted-to.pdf>]
Package epstopdf Info: Source file: <C00001Density.eps>
(epstopdf)                    date: 2019-11-16 19:27:03
(epstopdf)                    size: 48008 bytes
(epstopdf)             Output file: <C00001Density-eps-converted-to.pdf>
(epstopdf)             Command: <repstopdf --outfile=C00001Density-eps-converted-to.pdf C00001Density.eps>
(epstopdf)             \includegraphics on input line 282.
runsystem(repstopdf --outfile=C00001Density-eps-converted-to.pdf C00001Density.eps)...executed safely (allowed).

Package epstopdf Info: Result file: <C00001Density-eps-converted-to.pdf>
(epstopdf)                    date: 2019-11-17 19:54:32
(epstopdf)                    size: 36741 bytes.
<C00001Density-eps-converted-to.pdf, id=191, 421.575pt x 316.18124pt>
File: C00001Density-eps-converted-to.pdf Graphic file (type pdf)
<use C00001Density-eps-converted-to.pdf>
Package pdftex.def Info: C00001Density-eps-converted-to.pdf  used on input line 282.
(pdftex.def)             Requested size: 341.94652pt x 256.46242pt.
 [15 <./5.png>]
Package epstopdf Info: Source file: <C00001Contour.eps>
(epstopdf)                    date: 2019-11-16 19:26:57
(epstopdf)                    size: 99523 bytes
(epstopdf)             Output file: <C00001Contour-eps-converted-to.pdf>
(epstopdf)             Command: <repstopdf --outfile=C00001Contour-eps-converted-to.pdf C00001Contour.eps>
(epstopdf)             \includegraphics on input line 288.
runsystem(repstopdf --outfile=C00001Contour-eps-converted-to.pdf C00001Contour.eps)...executed safely (allowed).

Package epstopdf Info: Result file: <C00001Contour-eps-converted-to.pdf>
(epstopdf)                    date: 2019-11-17 19:54:37
(epstopdf)                    size: 16709 bytes.
<C00001Contour-eps-converted-to.pdf, id=196, 421.575pt x 316.18124pt>
File: C00001Contour-eps-converted-to.pdf Graphic file (type pdf)
<use C00001Contour-eps-converted-to.pdf>
Package pdftex.def Info: C00001Contour-eps-converted-to.pdf  used on input line 288.
(pdftex.def)             Requested size: 341.94652pt x 256.46242pt.
Package epstopdf Info: Source file: <C00001Vector.eps>
(epstopdf)                    date: 2019-11-16 19:26:49
(epstopdf)                    size: 584535 bytes
(epstopdf)             Output file: <C00001Vector-eps-converted-to.pdf>
(epstopdf)             Command: <repstopdf --outfile=C00001Vector-eps-converted-to.pdf C00001Vector.eps>
(epstopdf)             \includegraphics on input line 293.
runsystem(repstopdf --outfile=C00001Vector-eps-converted-to.pdf C00001Vector.eps)...executed safely (allowed).

Package epstopdf Info: Result file: <C00001Vector-eps-converted-to.pdf>
(epstopdf)                    date: 2019-11-17 19:54:41
(epstopdf)                    size: 70805 bytes.
<C00001Vector-eps-converted-to.pdf, id=197, 421.575pt x 316.18124pt>
File: C00001Vector-eps-converted-to.pdf Graphic file (type pdf)
<use C00001Vector-eps-converted-to.pdf>
Package pdftex.def Info: C00001Vector-eps-converted-to.pdf  used on input line 293.
(pdftex.def)             Requested size: 341.94652pt x 256.46242pt.
 [16 <./C00001Density-eps-converted-to.pdf> <./C00001Contour-eps-converted-to.pdf>]
Package epstopdf Info: Source file: <C001Density.eps>
(epstopdf)                    date: 2019-11-16 19:46:23
(epstopdf)                    size: 48840 bytes
(epstopdf)             Output file: <C001Density-eps-converted-to.pdf>
(epstopdf)             Command: <repstopdf --outfile=C001Density-eps-converted-to.pdf C001Density.eps>
(epstopdf)             \includegraphics on input line 300.
runsystem(repstopdf --outfile=C001Density-eps-converted-to.pdf C001Density.eps)...executed safely (allowed).

Package epstopdf Info: Result file: <C001Density-eps-converted-to.pdf>
(epstopdf)                    date: 2019-11-17 19:54:45
(epstopdf)                    size: 36418 bytes.
<C001Density-eps-converted-to.pdf, id=215, 421.575pt x 316.18124pt>
File: C001Density-eps-converted-to.pdf Graphic file (type pdf)
<use C001Density-eps-converted-to.pdf>
Package pdftex.def Info: C001Density-eps-converted-to.pdf  used on input line 300.
(pdftex.def)             Requested size: 341.94652pt x 256.46242pt.
Package epstopdf Info: Source file: <C0001Density.eps>
(epstopdf)                    date: 2019-11-16 19:46:44
(epstopdf)                    size: 48368 bytes
(epstopdf)             Output file: <C0001Density-eps-converted-to.pdf>
(epstopdf)             Command: <repstopdf --outfile=C0001Density-eps-converted-to.pdf C0001Density.eps>
(epstopdf)             \includegraphics on input line 305.
runsystem(repstopdf --outfile=C0001Density-eps-converted-to.pdf C0001Density.eps)...executed safely (allowed).

Package epstopdf Info: Result file: <C0001Density-eps-converted-to.pdf>
(epstopdf)                    date: 2019-11-17 19:54:50
(epstopdf)                    size: 36865 bytes.
<C0001Density-eps-converted-to.pdf, id=216, 421.575pt x 316.18124pt>
File: C0001Density-eps-converted-to.pdf Graphic file (type pdf)
<use C0001Density-eps-converted-to.pdf>
Package pdftex.def Info: C0001Density-eps-converted-to.pdf  used on input line 305.
(pdftex.def)             Requested size: 341.94652pt x 256.46242pt.
 [17 <./C00001Vector-eps-converted-to.pdf>]
Package epstopdf Info: Source file: <C000001Density.eps>
(epstopdf)                    date: 2019-11-16 19:47:01
(epstopdf)                    size: 47765 bytes
(epstopdf)             Output file: <C000001Density-eps-converted-to.pdf>
(epstopdf)             Command: <repstopdf --outfile=C000001Density-eps-converted-to.pdf C000001Density.eps>
(epstopdf)             \includegraphics on input line 310.
runsystem(repstopdf --outfile=C000001Density-eps-converted-to.pdf C000001Density.eps)...executed safely (allowed).

Package epstopdf Info: Result file: <C000001Density-eps-converted-to.pdf>
(epstopdf)                    date: 2019-11-17 19:54:54
(epstopdf)                    size: 36788 bytes.
<C000001Density-eps-converted-to.pdf, id=225, 421.575pt x 316.18124pt>
File: C000001Density-eps-converted-to.pdf Graphic file (type pdf)
<use C000001Density-eps-converted-to.pdf>
Package pdftex.def Info: C000001Density-eps-converted-to.pdf  used on input line 310.
(pdftex.def)             Requested size: 341.94652pt x 256.46242pt.
 [18 <./C001Density-eps-converted-to.pdf> <./C0001Density-eps-converted-to.pdf>]
Package epstopdf Info: Source file: <CStageDensity.eps>
(epstopdf)                    date: 2019-11-16 19:30:31
(epstopdf)                    size: 75950 bytes
(epstopdf)             Output file: <CStageDensity-eps-converted-to.pdf>
(epstopdf)             Command: <repstopdf --outfile=CStageDensity-eps-converted-to.pdf CStageDensity.eps>
(epstopdf)             \includegraphics on input line 336.
runsystem(repstopdf --outfile=CStageDensity-eps-converted-to.pdf CStageDensity.eps)...executed safely (allowed).

Package epstopdf Info: Result file: <CStageDensity-eps-converted-to.pdf>
(epstopdf)                    date: 2019-11-17 19:54:59
(epstopdf)                    size: 40845 bytes.
<CStageDensity-eps-converted-to.pdf, id=243, 421.575pt x 316.18124pt>
File: CStageDensity-eps-converted-to.pdf Graphic file (type pdf)
<use CStageDensity-eps-converted-to.pdf>
Package pdftex.def Info: CStageDensity-eps-converted-to.pdf  used on input line 336.
(pdftex.def)             Requested size: 341.94652pt x 256.46242pt.
Package epstopdf Info: Source file: <CStageContour.eps>
(epstopdf)                    date: 2019-11-16 19:30:21
(epstopdf)                    size: 362929 bytes
(epstopdf)             Output file: <CStageContour-eps-converted-to.pdf>
(epstopdf)             Command: <repstopdf --outfile=CStageContour-eps-converted-to.pdf CStageContour.eps>
(epstopdf)             \includegraphics on input line 341.
runsystem(repstopdf --outfile=CStageContour-eps-converted-to.pdf CStageContour.eps)...executed safely (allowed).

Package epstopdf Info: Result file: <CStageContour-eps-converted-to.pdf>
(epstopdf)                    date: 2019-11-17 19:55:04
(epstopdf)                    size: 38421 bytes.
<CStageContour-eps-converted-to.pdf, id=244, 421.575pt x 316.18124pt>
File: CStageContour-eps-converted-to.pdf Graphic file (type pdf)
<use CStageContour-eps-converted-to.pdf>
Package pdftex.def Info: CStageContour-eps-converted-to.pdf  used on input line 341.
(pdftex.def)             Requested size: 341.94652pt x 256.46242pt.
 [19 <./C000001Density-eps-converted-to.pdf>] [20 <./CStageDensity-eps-converted-to.pdf> <./CStageContour-eps-converted-to.pdf>] [21] [22

] (./main.aux)

LaTeX Warning: There were multiply-defined labels.

Package logreq Info: Writing requests to 'main.run.xml'.
\openout1 = `main.run.xml'.

 ) 
Here is how much of TeX's memory you used:
 10592 strings out of 492623
 183236 string characters out of 6133291
 602033 words of memory out of 5000000
 14351 multiletter control sequences out of 15000+600000
 12913 words of font info for 47 fonts, out of 8000000 for 9000
 1141 hyphenation exceptions out of 8191
 36i,15n,43p,867b,745s stack positions out of 5000i,500n,10000p,200000b,80000s
<e:/texlive/2019/texmf-dist/fonts/type1/public/amsfonts/cm/cmbx12.pfb><e:/texlive/2019/texmf-dist/fonts/type1/public/amsfonts/cm/cmcsc10.pfb><e:/texlive/2019/texmf-dist/fonts/type1/public/amsfonts/cm/cmex10.pfb><e:/texlive/2019/texmf-dist/fonts/type1/public/amsfonts/cm/cmmi12.pfb><e:/texlive/2019/texmf-dist/fonts/type1/public/amsfonts/cm/cmmi8.pfb><e:/texlive/2019/texmf-dist/fonts/type1/public/amsfonts/cm/cmr12.pfb><e:/texlive/2019/texmf-dist/fonts/type1/public/amsfonts/cm/cmr6.pfb><e:/texlive/2019/texmf-dist/fonts/type1/public/amsfonts/cm/cmr8.pfb><e:/texlive/2019/texmf-dist/fonts/type1/public/amsfonts/cm/cmsy10.pfb><e:/texlive/2019/texmf-dist/fonts/type1/public/amsfonts/cm/cmti12.pfb>
Output written on main.pdf (22 pages, 1024538 bytes).
PDF statistics:
 314 PDF objects out of 1000 (max. 8388607)
 177 compressed objects within 2 object streams
 0 named destinations out of 1000 (max. 500000)
 141 words of extra memory for PDF output out of 10000 (max. 10000000)

